<?xml version="1.0" encoding="UTF-8"?>
<testsuite name="linkedList.LinkedListTest" tests="1" skipped="0" failures="0" errors="0" timestamp="2020-01-16T23:55:58" hostname="LAPTOP-MPAVF22C" time="0.027">
  <properties/>
  <testcase name="testInsertBefore" classname="linkedList.LinkedListTest" time="0.027"/>
  <system-out><![CDATA[expected = { 1 } -> { 2 } -> { 5 } -> { 3 } -> NULL
]]></system-out>
  <system-err><![CDATA[]]></system-err>
</testsuite>
