<?xml version="1.0" encoding="UTF-8"?>
<testsuite name="linkedList.LinkedListTest" tests="1" skipped="0" failures="0" errors="0" timestamp="2020-01-19T00:19:00" hostname="LAPTOP-MPAVF22C" time="0.016">
  <properties/>
  <testcase name="testllmergeEmpty" classname="linkedList.LinkedListTest" time="0.016"/>
  <system-out><![CDATA[java.lang.NullPointerException: a list was empty
java.lang.NullPointerException: a list was empty
]]></system-out>
  <system-err><![CDATA[]]></system-err>
</testsuite>
