<?xml version="1.0" encoding="UTF-8"?>
<testsuite name="linkedList.LinkedListTest" tests="1" skipped="0" failures="0" errors="0" timestamp="2020-01-16T20:20:57" hostname="LAPTOP-MPAVF22C" time="0.032">
  <properties/>
  <testcase name="testAppend" classname="linkedList.LinkedListTest" time="0.032"/>
  <system-out><![CDATA[expected = { 1 } -> { 2 } -> { 5 } -> { 3 } ->  NULL
]]></system-out>
  <system-err><![CDATA[]]></system-err>
</testsuite>
