<?xml version="1.0" encoding="UTF-8"?>
<testsuite name="linkedList.LinkedListTest" tests="1" skipped="0" failures="0" errors="0" timestamp="2020-01-15T02:48:13" hostname="LAPTOP-MPAVF22C" time="0.015">
  <properties/>
  <testcase name="testToString" classname="linkedList.LinkedListTest" time="0.015"/>
  <system-out><![CDATA[actualString = { 99 } -> { 2 } -> { 1 } ->  NULL
]]></system-out>
  <system-err><![CDATA[]]></system-err>
</testsuite>
