<?xml version="1.0" encoding="UTF-8"?>
<testsuite name="linkedList.LinkedListTest" tests="1" skipped="0" failures="0" errors="0" timestamp="2020-01-17T04:12:38" hostname="LAPTOP-MPAVF22C" time="0.004">
  <properties/>
  <testcase name="testkthFromEndGreater" classname="linkedList.LinkedListTest" time="0.004"/>
  <system-out><![CDATA[error: list length is greater than k
-1
]]></system-out>
  <system-err><![CDATA[]]></system-err>
</testsuite>
